UVM_INFO @ 0.00 ns: Go2UVM [Go2UVM] RELNOTES 

----------------------------------------------------------------
(C) 2004-2016 Verifworks a venture of CVC Pvt Ltd. 
 VW_Go2UVM Version 1.1d.5 (Verifworks http://www.verifworks.com )

  ***********       IMPORTANT RELEASE NOTES         ************

  You are using a version of the Go2UVM Package from VerifWorks 
  a venture of CVC Pvt Ltd http://www.cvcblr.com
  See http://www.verifworks.com for more details 

----------------------------------------------------------------

UVM_INFO @ 0.00 ns: reporter [RNTST] Running test ...
UVM_INFO /home/student/arlin/Chap_2_corrected/Chap_2_corrected_converted/ch2/done/types_static_ok/uvm/types_static_go2uvm.sv(36) @ 0.00 ns: Go2UVM [Go2UVM] Start of reset
UVM_INFO /home/student/arlin/Chap_2_corrected/Chap_2_corrected_converted/ch2/done/types_static_ok/uvm/types_static_go2uvm.sv(37) @ 0.00 ns: Go2UVM [Go2UVM] Fill in your reset logic here 
UVM_INFO /home/student/arlin/Chap_2_corrected/Chap_2_corrected_converted/ch2/done/types_static_ok/uvm/types_static_go2uvm.sv(42) @ 55.00 ns: Go2UVM [Go2UVM] End of reset
UVM_INFO @ 55.00 ns: Go2UVM [Go2UVM] Driving stimulus via UVM
UVM_INFO /home/student/arlin/Chap_2_corrected/Chap_2_corrected_converted/ch2/done/types_static_ok/uvm/types_static_go2uvm.sv(45) @ 55.00 ns: Go2UVM [Go2UVM] Start of main
UVM_INFO /home/student/arlin/Chap_2_corrected/Chap_2_corrected_converted/ch2/done/types_static_ok/uvm/types_static_go2uvm.sv(46) @ 55.00 ns: Go2UVM [Go2UVM] Fill in your main logic here 
UVM_INFO /home/student/arlin/Chap_2_corrected/Chap_2_corrected_converted/ch2/done/types_static_ok/uvm/types_static_go2uvm.sv(50) @ 55.00 ns: Go2UVM [Go2UVM] End of main
UVM_INFO @ 55.00 ns: Go2UVM [Go2UVM] End of stimulus
UVM_INFO @ 55.00 ns: Go2UVM [Go2UVM] Congratulations! Test PASSED! Review your log file: vw_go2uvm_run.log
UVM_INFO @ 55.00 ns: Go2UVM [Go2UVM] Thanks for using VerifWorks's Go2UVM Package, provide your feedback at http://www.verifworks.com
